<?xml version="1.0" encoding="UTF-8"?>
<testng-results ignored="0" total="1" passed="1" failed="0" skipped="0">
  <reporter-output>
  </reporter-output>
  <suite started-at="2026-03-25T20:35:14 IST" name="Default suite" finished-at="2026-03-25T20:35:33 IST" duration-ms="19400">
    <groups>
    </groups>
    <test started-at="2026-03-25T20:35:14 IST" name="Default test" finished-at="2026-03-25T20:35:33 IST" duration-ms="19400">
      <class name="sikuli.WebAutomation">
        <test-method is-config="true" signature="beforeTest()[pri:0, instance:sikuli.WebAutomation@55740540]" started-at="2026-03-25T20:35:14 IST" name="beforeTest" finished-at="2026-03-25T20:35:17 IST" duration-ms="3189" status="PASS">
          <reporter-output>
          </reporter-output>
        </test-method> <!-- beforeTest -->
        <test-method signature="f()[pri:0, instance:sikuli.WebAutomation@55740540]" started-at="2026-03-25T20:35:17 IST" name="f" finished-at="2026-03-25T20:35:33 IST" duration-ms="16077" status="PASS">
          <reporter-output>
          </reporter-output>
        </test-method> <!-- f -->
      </class> <!-- sikuli.WebAutomation -->
    </test> <!-- Default test -->
  </suite> <!-- Default suite -->
</testng-results>
