<?xml version="1.0" encoding="UTF-8"?>
<testng-results ignored="0" total="1" passed="1" failed="0" skipped="0">
  <reporter-output>
  </reporter-output>
  <suite started-at="2026-03-27T20:30:46 IST" name="Default suite" finished-at="2026-03-27T20:30:53 IST" duration-ms="7383">
    <groups>
    </groups>
    <test started-at="2026-03-27T20:30:46 IST" name="Default test" finished-at="2026-03-27T20:30:53 IST" duration-ms="7383">
      <class name="sikuli.DemoGit">
        <test-method is-config="true" signature="beforeTest()[pri:0, instance:sikuli.DemoGit@57a3af25]" started-at="2026-03-27T20:30:46 IST" name="beforeTest" finished-at="2026-03-27T20:30:51 IST" duration-ms="5325" status="PASS">
          <reporter-output>
          </reporter-output>
        </test-method> <!-- beforeTest -->
        <test-method signature="google()[pri:0, instance:sikuli.DemoGit@57a3af25]" started-at="2026-03-27T20:30:51 IST" name="google" finished-at="2026-03-27T20:30:53 IST" duration-ms="1874" status="PASS">
          <reporter-output>
          </reporter-output>
        </test-method> <!-- google -->
      </class> <!-- sikuli.DemoGit -->
    </test> <!-- Default test -->
  </suite> <!-- Default suite -->
</testng-results>
